<?xml version="1.0" encoding="UTF-8"?>
<!-- Generated by org.testng.reporters.JUnitReportReporter -->
<testsuite skipped="0" hostname="MacBook-Pro-2.local" name="testNGBase.ExcelDataProvider" tests="2" failures="0" timestamp="26 Feb 2019 02:19:09 GMT" time="0.007" errors="0">
  <testcase name="test1" time="0.001" classname="testNGBase.ExcelDataProvider"/>
  <testcase name="test1" time="0.006" classname="testNGBase.ExcelDataProvider"/>
</testsuite> <!-- testNGBase.ExcelDataProvider -->
