<?xml version="1.0" encoding="UTF-8"?>
<!-- Generated by org.testng.reporters.JUnitReportReporter -->
<testsuite skipped="0" hostname="MacBook-Pro-2.local" name="configProperties.PropertiesFileTest" tests="1" failures="0" timestamp="24 Feb 2019 23:56:39 GMT" time="0.003" errors="0">
  <testcase name="test01" time="0.003" classname="configProperties.PropertiesFileTest"/>
</testsuite> <!-- configProperties.PropertiesFileTest -->
